This is pdfTeX, Version 3.141592653-2.6-1.40.25 (TeX Live 2023/Debian) (preloaded format=pdflatex 2025.11.17)  14 JAN 2026 14:25
entering extended mode
 restricted \write18 enabled.
 file:line:error style messages enabled.
 %&-line parsing enabled.
**/home/zack/Documents/POLARIScore/paper/paper2026/paper.tex
(/home/zack/Documents/POLARIScore/paper/paper2026/paper.tex
LaTeX2e <2023-11-01> patch level 1
L3 programming layer <2024-01-22>
(./aa.cls
Document Class: aa 2025/10/06{} v9.3{} Class for AA journal
(/usr/share/texlive/texmf-dist/tex/latex/base/article.cls
Document Class: article 2023/05/17 v1.4n Standard LaTeX document class
(/usr/share/texlive/texmf-dist/tex/latex/base/fleqn.clo
File: fleqn.clo 2016/12/29 v1.2b Standard LaTeX option (flush left equations)
\mathindent=\skip48
Applying: [2015/01/01] Make \[ robust on input line 50.
LaTeX Info: Redefining \[ on input line 51.
Already applied: [0000/00/00] Make \[ robust on input line 62.
Applying: [2015/01/01] Make \] robust on input line 74.
LaTeX Info: Redefining \] on input line 75.
Already applied: [0000/00/00] Make \] robust on input line 83.
) (/usr/share/texlive/texmf-dist/tex/latex/base/size10.clo
File: size10.clo 2023/05/17 v1.4n Standard LaTeX file (size option)
)
\c@part=\count187
\c@section=\count188
\c@subsection=\count189
\c@subsubsection=\count190
\c@paragraph=\count191
\c@subparagraph=\count192
\c@figure=\count193
\c@table=\count194
\abovecaptionskip=\skip49
\belowcaptionskip=\skip50
\bibindent=\dimen140
)
\aa@fullwidth=\skip51
\aa@fullheight=\skip52
 (/usr/share/texlive/texmf-dist/tex/latex/tools/calc.sty
Package: calc 2023/07/08 v4.3 Infix arithmetic (KKT,FJ)
\calc@Acount=\count195
\calc@Bcount=\count196
\calc@Adimen=\dimen141
\calc@Bdimen=\dimen142
\calc@Askip=\skip53
\calc@Bskip=\skip54
LaTeX Info: Redefining \setlength on input line 80.
LaTeX Info: Redefining \addtolength on input line 81.
\calc@Ccount=\count197
\calc@Cskip=\skip55
) (/usr/share/texlive/texmf-dist/tex/latex/etex-pkg/etex.sty
Package: etex 2016/08/01 v2.7 eTeX basic definition package (PEB,DPC)
\et@xins=\count198
) (/usr/share/texlive/texmf-dist/tex/latex/base/fontenc.sty
Package: fontenc 2021/04/29 v2.0v Standard LaTeX package
) (/usr/share/texlive/texmf-dist/tex/latex/base/inputenc.sty
Package: inputenc 2021/02/14 v1.3d Input encoding file
\inpenc@prehook=\toks17
\inpenc@posthook=\toks18
) (/usr/share/texlive/texmf-dist/tex/latex/geometry/geometry.sty
Package: geometry 2020/01/02 v5.9 Page Geometry
 (/usr/share/texlive/texmf-dist/tex/latex/graphics/keyval.sty
Package: keyval 2022/05/29 v1.15 key=value parser (DPC)
\KV@toks@=\toks19
) (/usr/share/texlive/texmf-dist/tex/generic/iftex/ifvtex.sty
Package: ifvtex 2019/10/25 v1.7 ifvtex legacy package. Use iftex instead.
 (/usr/share/texlive/texmf-dist/tex/generic/iftex/iftex.sty
Package: iftex 2022/02/03 v1.0f TeX engine tests
))
\Gm@cnth=\count199
Normal \count register pool exhausted, switching to extended pool.
\Gm@cntv=\count277
\c@Gm@tempcnt=\count278
\Gm@bindingoffset=\dimen143
\Gm@wd@mp=\dimen144
\Gm@odd@mp=\dimen145
\Gm@even@mp=\dimen146
\Gm@layoutwidth=\dimen147
\Gm@layoutheight=\dimen148
\Gm@layouthoffset=\dimen149
\Gm@layoutvoffset=\dimen150
\Gm@dimlist=\toks20
) (/usr/share/texlive/texmf-dist/tex/latex/setspace/setspace.sty
Package: setspace 2022/12/04 v6.7b set line spacing
) (/usr/share/texlive/texmf-dist/tex/latex/fancyhdr/fancyhdr.sty
Package: fancyhdr 2022/11/09 v4.1 Extensive control of page headers and footers
\f@nch@headwidth=\skip56
\f@nch@O@elh=\skip57
\f@nch@O@erh=\skip58
\f@nch@O@olh=\skip59
\f@nch@O@orh=\skip60
\f@nch@O@elf=\skip61
\f@nch@O@erf=\skip62
\f@nch@O@olf=\skip63
\f@nch@O@orf=\skip64
) (/usr/share/texlive/texmf-dist/tex/latex/sttools/cuted.sty
Package: cuted 2021/10/04 v2.0 Mixing onecolumn and twocolumn modes
\At@ViperColsBreak=\toks21
\preCutedStrip=\toks22
\postCutedStrip=\toks23
\cuted@@tempbox@a=\box51
\cuted@@tempbox@c=\box52
\cuted@@tempbox@var=\box53
\hold@viper=\box54
\@viper=\box55
\cuted@@varbox@a=\box56
\cuted@@varbox@c=\box57
\cuted@@tempdim@spread=\dimen151
\cuted@@tempdim@a=\dimen152
\cuted@@tempdim@b=\dimen153
\ht@hold@viper=\dimen154
\ht@viper=\dimen155
\var@@pagediscards@ht=\dimen156
\stripsep=\skip65
\viper@penalty=\count279
) (/usr/share/texlive/texmf-dist/tex/latex/amsmath/amsmath.sty
Package: amsmath 2023/05/13 v2.17o AMS math features
\@mathmargin=\skip66

For additional information on amsmath, use the `?' option.
(/usr/share/texlive/texmf-dist/tex/latex/amsmath/amstext.sty
Package: amstext 2021/08/26 v2.01 AMS text
 (/usr/share/texlive/texmf-dist/tex/latex/amsmath/amsgen.sty
File: amsgen.sty 1999/11/30 v2.0 generic functions
\@emptytoks=\toks24
\ex@=\dimen157
)) (/usr/share/texlive/texmf-dist/tex/latex/amsmath/amsbsy.sty
Package: amsbsy 1999/11/29 v1.2d Bold Symbols
\pmbraise@=\dimen158
) (/usr/share/texlive/texmf-dist/tex/latex/amsmath/amsopn.sty
Package: amsopn 2022/04/08 v2.04 operator names
)
\inf@bad=\count280
LaTeX Info: Redefining \frac on input line 234.
\uproot@=\count281
\leftroot@=\count282
LaTeX Info: Redefining \overline on input line 399.
LaTeX Info: Redefining \colon on input line 410.
\classnum@=\count283
\DOTSCASE@=\count284
LaTeX Info: Redefining \ldots on input line 496.
LaTeX Info: Redefining \dots on input line 499.
LaTeX Info: Redefining \cdots on input line 620.
\Mathstrutbox@=\box58
\strutbox@=\box59
LaTeX Info: Redefining \big on input line 722.
LaTeX Info: Redefining \Big on input line 723.
LaTeX Info: Redefining \bigg on input line 724.
LaTeX Info: Redefining \Bigg on input line 725.
\big@size=\dimen159
LaTeX Font Info:    Redeclaring font encoding OML on input line 743.
LaTeX Font Info:    Redeclaring font encoding OMS on input line 744.
\macc@depth=\count285
LaTeX Info: Redefining \bmod on input line 905.
LaTeX Info: Redefining \pmod on input line 910.
LaTeX Info: Redefining \smash on input line 940.
LaTeX Info: Redefining \relbar on input line 970.
LaTeX Info: Redefining \Relbar on input line 971.
\c@MaxMatrixCols=\count286
\dotsspace@=\muskip16
\c@parentequation=\count287
\dspbrk@lvl=\count288
\tag@help=\toks25
\row@=\count289
\column@=\count290
\maxfields@=\count291
\andhelp@=\toks26
\eqnshift@=\dimen160
\alignsep@=\dimen161
\tagshift@=\dimen162
\tagwidth@=\dimen163
\totwidth@=\dimen164
\lineht@=\dimen165
\@envbody=\toks27
\multlinegap=\skip67
\multlinetaggap=\skip68
\mathdisplay@stack=\toks28
LaTeX Info: Redefining \[ on input line 2953.
LaTeX Info: Redefining \] on input line 2954.
) (/usr/share/texlive/texmf-dist/tex/latex/amsfonts/amssymb.sty
Package: amssymb 2013/01/14 v3.01 AMS font symbols
 (/usr/share/texlive/texmf-dist/tex/latex/amsfonts/amsfonts.sty
Package: amsfonts 2013/01/14 v3.01 Basic AMSFonts support
\symAMSa=\mathgroup4
\symAMSb=\mathgroup5
LaTeX Font Info:    Redeclaring math symbol \hbar on input line 98.
LaTeX Font Info:    Overwriting math alphabet `\mathfrak' in version `bold'
(Font)                  U/euf/m/n --> U/euf/b/n on input line 106.
)) (/usr/share/texlive/texmf-dist/tex/latex/url/url.sty
\Urlmuskip=\muskip17
Package: url 2013/09/16  ver 3.4  Verb mode for urls, etc.
) (/usr/share/texlive/texmf-dist/tex/latex/tools/enumerate.sty
Package: enumerate 2023/07/04 v3.00 enumerate extensions (DPC)
\@enLab=\toks29
) (/usr/share/texlive/texmf-dist/tex/latex/tools/longtable.sty
Package: longtable 2023-11-01 v4.19 Multi-page Table package (DPC)
\LTleft=\skip69
\LTright=\skip70
\LTpre=\skip71
\LTpost=\skip72
\LTchunksize=\count292
\LTcapwidth=\dimen166
\LT@head=\box60
\LT@firsthead=\box61
\LT@foot=\box62
\LT@lastfoot=\box63
\LT@gbox=\box64
\LT@cols=\count293
\LT@rows=\count294
\c@LT@tables=\count295
\c@LT@chunks=\count296
\LT@p@ftn=\toks30
) (/usr/share/texlive/texmf-dist/tex/latex/natbib/natbib.sty
Package: natbib 2010/09/13 8.31b (PWD, AO)
\bibhang=\skip73
\bibsep=\skip74
LaTeX Info: Redefining \cite on input line 694.
\c@NAT@ctr=\count297
) (/usr/share/texlive/texmf-dist/tex/latex/tools/xspace.sty
Package: xspace 2014/10/28 v1.13 Space after command names (DPC,MH)
) (/usr/share/texlive/texmf-dist/tex/generic/babel/babel.sty
Package: babel 2024/01/07 v24.1 The Babel package
\babel@savecnt=\count298
\U@D=\dimen167
\l@unhyphenated=\language9
 (/usr/share/texlive/texmf-dist/tex/generic/babel/txtbabel.def)
\bbl@readstream=\read2
\bbl@dirlevel=\count299
 (/usr/share/texlive/texmf-dist/tex/generic/babel-english/english.ldf
Language: english 2017/06/06 v3.3r English support from the babel system
Package babel Info: Hyphen rules for 'british' set to \l@english
(babel)             (\language0). Reported on input line 82.
Package babel Info: Hyphen rules for 'UKenglish' set to \l@english
(babel)             (\language0). Reported on input line 83.
Package babel Info: Hyphen rules for 'canadian' set to \l@english
(babel)             (\language0). Reported on input line 102.
Package babel Info: Hyphen rules for 'australian' set to \l@english
(babel)             (\language0). Reported on input line 105.
Package babel Info: Hyphen rules for 'newzealand' set to \l@english
(babel)             (\language0). Reported on input line 108.
)) (/usr/share/texlive/texmf-dist/tex/generic/babel/locale/en/babel-english.tex
Package babel Info: Importing font and identification data for english
(babel)             from babel-en.ini. Reported on input line 11.
) (/usr/share/texlive/texmf-dist/tex/latex/graphics/rotating.sty
Package: rotating 2016/08/11 v2.16d rotated objects in LaTeX
 (/usr/share/texlive/texmf-dist/tex/latex/graphics/graphicx.sty
Package: graphicx 2021/09/16 v1.2d Enhanced LaTeX Graphics (DPC,SPQR)
 (/usr/share/texlive/texmf-dist/tex/latex/graphics/graphics.sty
Package: graphics 2022/03/10 v1.4e Standard LaTeX Graphics (DPC,SPQR)
 (/usr/share/texlive/texmf-dist/tex/latex/graphics/trig.sty
Package: trig 2021/08/11 v1.11 sin cos tan (DPC)
) (/usr/share/texlive/texmf-dist/tex/latex/graphics-cfg/graphics.cfg
File: graphics.cfg 2016/06/04 v1.11 sample graphics configuration
)
Package graphics Info: Driver file: pdftex.def on input line 107.
 (/usr/share/texlive/texmf-dist/tex/latex/graphics-def/pdftex.def
File: pdftex.def 2022/09/22 v1.2b Graphics/color driver for pdftex
))
\Gin@req@height=\dimen168
\Gin@req@width=\dimen169
) (/usr/share/texlive/texmf-dist/tex/latex/base/ifthen.sty
Package: ifthen 2022/04/13 v1.1d Standard LaTeX ifthen package (DPC)
)
\c@r@tfl@t=\count300
\rotFPtop=\skip75
\rotFPbot=\skip76
\rot@float@box=\box65
\rot@mess@toks=\toks31
)
\aa@cnta=\count301
\aa@cntb=\count302
\aa@nbwords=\count303
\aa@nbauthors=\count304
\aa@nbinstitutes=\count305
\c@aa@institutecnt=\count306
\aa@savecounter=\count307
\aa@savefootnote=\count308
\aa@savethanks=\count309
\aa@dima=\skip77
\aa@dimb=\skip78
\aa@dimc=\skip79
\VSpaceBeforeTheorem=\skip80
\VSpaceAfterTheorem=\skip81
\HSpaceIndentTheorem=\skip82
\HVSpaceSepTheorem=\skip83
\aa@securityheadmargin=\skip84
\aa@bleedmargin=\skip85
\aa@voffsetlettername=\skip86
\aa@hoffsetlettername=\skip87
\aa@hoffsetgray=\skip88
\aa@aftercontentsnameskip=\skip89
\aa@aftercontentsAutnameskip=\skip90
\aa@beforeheadboxskip=\skip91
\aa@afterheadboxskip=\skip92
\aa@beforetopicsskip=\skip93
\aa@aftertopicsskip=\skip94
\aa@afterletternameskip=\skip95
\aa@beforeletternameskip=\skip96
\aa@beforeheadnoteskip=\skip97
\aa@afterheadnoteskip=\skip98
\aa@aftertitleskip=\skip99
\aa@beforesubtitleskip=\skip100
\aa@aftersubtitleskip=\skip101
\aa@afterauthorskip=\skip102
\aa@beforedefaultheadnoteskip=\skip103
\aa@headingleftmargin=\skip104
\aa@headingrightmargin=\skip105
\aa@afterinstituteskip=\skip106
\aa@instituteindent=\skip107
\aa@afterdateskip=\skip108
\aa@afterdedicationskip=\skip109
\aa@afterabstractnameskip=\skip110
\aa@afterabstractskip=\skip111
\aa@aftersubabstractskip=\skip112
\aa@afterkeywordsskip=\skip113
\aa@beforeacknowledgementsskip=\skip114
\aa@afteracknowledgementsskip=\skip115
\aa@figgap=\skip116
\aa@sidecaptionminwidth=\skip117
\aa@sidecaptionwidth=\skip118
\VSpaceBeforeFigCaption=\skip119
\VSpaceAfterTabCaption=\skip120
\VSpaceBeforeTabBib=\skip121
\VSpaceBeforeTabFoot=\skip122
\aftertext=\skip123
\aa@entryboxwidth=\skip124
\betweenumberspace=\skip125
\authorlink=\toks32
\yearCop=\toks33
\aa@stripbox=\box66
\aa@outputbox=\box67
\c@AAproof=\count310
\c@AAtheorem=\count311
 (./linenoaa.sty
Package: linenoaa 2023/03/12 v0.02
 (./lineno.sty
Package: lineno 2005/11/02 line numbers on paragraphs v4.41
\linenopenalty=\count312
\output=\toks34
\linenoprevgraf=\count313
\linenumbersep=\dimen170
\linenumberwidth=\dimen171
\c@linenumber=\count314
\c@pagewiselinenumber=\count315
\c@LN@truepage=\count316
\c@internallinenumber=\count317
\c@internallinenumbers=\count318
\quotelinenumbersep=\dimen172
\bframerule=\dimen173
\bframesep=\dimen174
\bframebox=\box68
LaTeX Info: Redefining \\ on input line 3056.
)) (/usr/share/texlive/texmf-dist/tex/latex/grffile/grffile.sty
Package: grffile 2019/11/11 v2.1 Extended file name support for graphics (legacy)
Package grffile Info: This package is an empty stub for compatibility on input line 40.
)) (/usr/share/texlive/texmf-dist/tex/latex/txfonts/txfonts.sty
Package: txfonts 2008/01/22 v3.2.1
LaTeX Font Info:    Redeclaring symbol font `operators' on input line 21.
LaTeX Font Info:    Overwriting symbol font `operators' in version `normal'
(Font)                  OT1/cmr/m/n --> OT1/txr/m/n on input line 21.
LaTeX Font Info:    Overwriting symbol font `operators' in version `bold'
(Font)                  OT1/cmr/bx/n --> OT1/txr/m/n on input line 21.
LaTeX Font Info:    Overwriting symbol font `operators' in version `bold'
(Font)                  OT1/txr/m/n --> OT1/txr/bx/n on input line 22.
\symitalic=\mathgroup6
LaTeX Font Info:    Overwriting symbol font `italic' in version `bold'
(Font)                  OT1/txr/m/it --> OT1/txr/bx/it on input line 26.
LaTeX Font Info:    Redeclaring math alphabet \mathbf on input line 29.
LaTeX Font Info:    Overwriting math alphabet `\mathbf' in version `normal'
(Font)                  OT1/cmr/bx/n --> OT1/txr/bx/n on input line 29.
LaTeX Font Info:    Overwriting math alphabet `\mathbf' in version `bold'
(Font)                  OT1/cmr/bx/n --> OT1/txr/bx/n on input line 29.
LaTeX Font Info:    Redeclaring math alphabet \mathit on input line 30.
LaTeX Font Info:    Overwriting math alphabet `\mathit' in version `normal'
(Font)                  OT1/cmr/m/it --> OT1/txr/m/it on input line 30.
LaTeX Font Info:    Overwriting math alphabet `\mathit' in version `bold'
(Font)                  OT1/cmr/bx/it --> OT1/txr/m/it on input line 30.
LaTeX Font Info:    Overwriting math alphabet `\mathit' in version `bold'
(Font)                  OT1/txr/m/it --> OT1/txr/bx/it on input line 31.
LaTeX Font Info:    Redeclaring math alphabet \mathsf on input line 40.
LaTeX Font Info:    Overwriting math alphabet `\mathsf' in version `normal'
(Font)                  OT1/cmss/m/n --> OT1/txss/m/n on input line 40.
LaTeX Font Info:    Overwriting math alphabet `\mathsf' in version `bold'
(Font)                  OT1/cmss/bx/n --> OT1/txss/m/n on input line 40.
LaTeX Font Info:    Overwriting math alphabet `\mathsf' in version `bold'
(Font)                  OT1/txss/m/n --> OT1/txss/b/n on input line 41.
LaTeX Font Info:    Redeclaring math alphabet \mathtt on input line 50.
LaTeX Font Info:    Overwriting math alphabet `\mathtt' in version `normal'
(Font)                  OT1/cmtt/m/n --> OT1/txtt/m/n on input line 50.
LaTeX Font Info:    Overwriting math alphabet `\mathtt' in version `bold'
(Font)                  OT1/cmtt/m/n --> OT1/txtt/m/n on input line 50.
LaTeX Font Info:    Overwriting math alphabet `\mathtt' in version `bold'
(Font)                  OT1/txtt/m/n --> OT1/txtt/b/n on input line 51.
LaTeX Font Info:    Redeclaring symbol font `letters' on input line 58.
LaTeX Font Info:    Overwriting symbol font `letters' in version `normal'
(Font)                  OML/cmm/m/it --> OML/txmi/m/it on input line 58.
LaTeX Font Info:    Overwriting symbol font `letters' in version `bold'
(Font)                  OML/cmm/b/it --> OML/txmi/m/it on input line 58.
LaTeX Font Info:    Overwriting symbol font `letters' in version `bold'
(Font)                  OML/txmi/m/it --> OML/txmi/bx/it on input line 59.
\symlettersA=\mathgroup7
LaTeX Font Info:    Overwriting symbol font `lettersA' in version `bold'
(Font)                  U/txmia/m/it --> U/txmia/bx/it on input line 67.
LaTeX Font Info:    Redeclaring math alphabet \mathfrak on input line 70.
LaTeX Font Info:    Redeclaring symbol font `symbols' on input line 77.
LaTeX Font Info:    Overwriting symbol font `symbols' in version `normal'
(Font)                  OMS/cmsy/m/n --> OMS/txsy/m/n on input line 77.
LaTeX Font Info:    Overwriting symbol font `symbols' in version `bold'
(Font)                  OMS/cmsy/b/n --> OMS/txsy/m/n on input line 77.
LaTeX Font Info:    Overwriting symbol font `symbols' in version `bold'
(Font)                  OMS/txsy/m/n --> OMS/txsy/bx/n on input line 78.
LaTeX Font Info:    Redeclaring symbol font `AMSa' on input line 93.
LaTeX Font Info:    Overwriting symbol font `AMSa' in version `normal'
(Font)                  U/msa/m/n --> U/txsya/m/n on input line 93.
LaTeX Font Info:    Overwriting symbol font `AMSa' in version `bold'
(Font)                  U/msa/m/n --> U/txsya/m/n on input line 93.
LaTeX Font Info:    Overwriting symbol font `AMSa' in version `bold'
(Font)                  U/txsya/m/n --> U/txsya/bx/n on input line 94.
LaTeX Font Info:    Redeclaring symbol font `AMSb' on input line 102.
LaTeX Font Info:    Overwriting symbol font `AMSb' in version `normal'
(Font)                  U/msb/m/n --> U/txsyb/m/n on input line 102.
LaTeX Font Info:    Overwriting symbol font `AMSb' in version `bold'
(Font)                  U/msb/m/n --> U/txsyb/m/n on input line 102.
LaTeX Font Info:    Overwriting symbol font `AMSb' in version `bold'
(Font)                  U/txsyb/m/n --> U/txsyb/bx/n on input line 103.
\symsymbolsC=\mathgroup8
LaTeX Font Info:    Overwriting symbol font `symbolsC' in version `bold'
(Font)                  U/txsyc/m/n --> U/txsyc/bx/n on input line 113.
LaTeX Font Info:    Redeclaring symbol font `largesymbols' on input line 120.
LaTeX Font Info:    Overwriting symbol font `largesymbols' in version `normal'
(Font)                  OMX/cmex/m/n --> OMX/txex/m/n on input line 120.
LaTeX Font Info:    Overwriting symbol font `largesymbols' in version `bold'
(Font)                  OMX/cmex/m/n --> OMX/txex/m/n on input line 120.
LaTeX Font Info:    Overwriting symbol font `largesymbols' in version `bold'
(Font)                  OMX/txex/m/n --> OMX/txex/bx/n on input line 121.
\symlargesymbolsA=\mathgroup9
LaTeX Font Info:    Overwriting symbol font `largesymbolsA' in version `bold'
(Font)                  U/txexa/m/n --> U/txexa/bx/n on input line 129.
LaTeX Font Info:    Redeclaring math symbol \mathsterling on input line 164.
LaTeX Info: Redefining \not on input line 1043.
) (/usr/share/texlive/texmf-dist/tex/latex/lipsum/lipsum.sty (/usr/share/texlive/texmf-dist/tex/latex/l3packages/l3keys2e/l3keys2e.sty (/usr/share/texlive/texmf-dist/tex/latex/l3kernel/expl3.sty
Package: expl3 2024-01-22 L3 programming layer (loader) 
 (/usr/share/texlive/texmf-dist/tex/latex/l3backend/l3backend-pdftex.def
File: l3backend-pdftex.def 2024-01-04 L3 backend support: PDF output (pdfTeX)
\l__color_backend_stack_int=\count319
\l__pdf_internal_box=\box69
))
Package: l3keys2e 2023-10-10 LaTeX2e option processing using LaTeX3 keys
)
Package: lipsum 2021-09-20 v2.7 150 paragraphs of Lorem Ipsum dummy text
\g__lipsum_par_int=\count320
\l__lipsum_a_int=\count321
\l__lipsum_b_int=\count322
 (/usr/share/texlive/texmf-dist/tex/latex/lipsum/lipsum.ltd.tex)) (/usr/share/texlive/texmf-dist/tex/latex/caption/subcaption.sty
Package: subcaption 2023/07/28 v1.6b Sub-captions (AR)
 (/usr/share/texlive/texmf-dist/tex/latex/caption/caption.sty
Package: caption 2023/08/05 v3.6o Customizing captions (AR)
 (/usr/share/texlive/texmf-dist/tex/latex/caption/caption3.sty
Package: caption3 2023/07/31 v2.4d caption3 kernel (AR)
\caption@tempdima=\dimen175
\captionmargin=\dimen176
\caption@leftmargin=\dimen177
\caption@rightmargin=\dimen178
\caption@width=\dimen179
\caption@indent=\dimen180
\caption@parindent=\dimen181
\caption@hangindent=\dimen182
Package caption Info: Unknown document class (or package),
(caption)             standard defaults will be used.
Package caption Info: \@makecaption = \long macro:#1#2->\aa@captionfont \ifx \@captype \aa@figtype \par \vskip \VSpaceBeforeFigCaption \aa@@makecaption {#1}\aa@capstrut #2\par \else {\aa@headcaptionfont #1\aa@floatcounterend }\aa@capstrut #2\par \vskip \VSpaceAfterTabCaption \fi  on input line 1175.
)

Package caption Warning: Unknown document class (or package),
(caption)                standard defaults will be used.
See the caption package documentation for explanation.

\c@caption@flags=\count323
\c@continuedfloat=\count324
Package caption Info: longtable package is loaded.
(/usr/share/texlive/texmf-dist/tex/latex/caption/ltcaption.sty
Package: ltcaption 2021/01/08 v1.4c longtable captions (AR)
)
Package caption Info: rotating package is loaded.
)
Package caption Info: New subtype `subfigure' on input line 238.
\c@subfigure=\count325
Package caption Info: New subtype `subtable' on input line 238.
\c@subtable=\count326
) (/usr/share/texlive/texmf-dist/tex/latex/graphics/lscape.sty
Package: lscape 2020/05/28 v3.02 Landscape Pages (DPC)
) (/usr/share/texlive/texmf-dist/tex/latex/placeins/placeins.sty
Package: placeins 2005/04/18  v 2.2
) (/usr/share/texlive/texmf-dist/tex/latex/hyperref/hyperref.sty
Package: hyperref 2024-01-20 v7.01h Hypertext links for LaTeX
 (/usr/share/texlive/texmf-dist/tex/latex/kvsetkeys/kvsetkeys.sty
Package: kvsetkeys 2022-10-05 v1.19 Key value parser (HO)
) (/usr/share/texlive/texmf-dist/tex/generic/kvdefinekeys/kvdefinekeys.sty
Package: kvdefinekeys 2019-12-19 v1.6 Define keys (HO)
) (/usr/share/texlive/texmf-dist/tex/generic/pdfescape/pdfescape.sty
Package: pdfescape 2019/12/09 v1.15 Implements pdfTeX's escape features (HO)
 (/usr/share/texlive/texmf-dist/tex/generic/ltxcmds/ltxcmds.sty
Package: ltxcmds 2023-12-04 v1.26 LaTeX kernel commands for general use (HO)
) (/usr/share/texlive/texmf-dist/tex/generic/pdftexcmds/pdftexcmds.sty
Package: pdftexcmds 2020-06-27 v0.33 Utility functions of pdfTeX for LuaTeX (HO)
 (/usr/share/texlive/texmf-dist/tex/generic/infwarerr/infwarerr.sty
Package: infwarerr 2019/12/03 v1.5 Providing info/warning/error messages (HO)
)
Package pdftexcmds Info: \pdf@primitive is available.
Package pdftexcmds Info: \pdf@ifprimitive is available.
Package pdftexcmds Info: \pdfdraftmode found.
)) (/usr/share/texlive/texmf-dist/tex/latex/hycolor/hycolor.sty
Package: hycolor 2020-01-27 v1.10 Color options for hyperref/bookmark (HO)
) (/usr/share/texlive/texmf-dist/tex/latex/auxhook/auxhook.sty
Package: auxhook 2019-12-17 v1.6 Hooks for auxiliary files (HO)
) (/usr/share/texlive/texmf-dist/tex/latex/hyperref/nameref.sty
Package: nameref 2023-11-26 v2.56 Cross-referencing by name of section
 (/usr/share/texlive/texmf-dist/tex/latex/refcount/refcount.sty
Package: refcount 2019/12/15 v3.6 Data extraction from label references (HO)
) (/usr/share/texlive/texmf-dist/tex/generic/gettitlestring/gettitlestring.sty
Package: gettitlestring 2019/12/15 v1.6 Cleanup title references (HO)
 (/usr/share/texlive/texmf-dist/tex/latex/kvoptions/kvoptions.sty
Package: kvoptions 2022-06-15 v3.15 Key value format for package options (HO)
))
\c@section@level=\count327
) (/usr/share/texlive/texmf-dist/tex/latex/etoolbox/etoolbox.sty
Package: etoolbox 2020/10/05 v2.5k e-TeX tools for LaTeX (JAW)
\etb@tempcnta=\count328
)
\@linkdim=\dimen183
\Hy@linkcounter=\count329
\Hy@pagecounter=\count330
 (/usr/share/texlive/texmf-dist/tex/latex/hyperref/pd1enc.def
File: pd1enc.def 2024-01-20 v7.01h Hyperref: PDFDocEncoding definition (HO)
Now handling font encoding PD1 ...
... no UTF-8 mapping file for font encoding PD1
) (/usr/share/texlive/texmf-dist/tex/generic/intcalc/intcalc.sty
Package: intcalc 2019/12/15 v1.3 Expandable calculations with integers (HO)
)
\Hy@SavedSpaceFactor=\count331
 (/usr/share/texlive/texmf-dist/tex/latex/hyperref/puenc.def
File: puenc.def 2024-01-20 v7.01h Hyperref: PDF Unicode definition (HO)
Now handling font encoding PU ...
... no UTF-8 mapping file for font encoding PU
)
Package hyperref Info: Hyper figures OFF on input line 4179.
Package hyperref Info: Link nesting OFF on input line 4184.
Package hyperref Info: Hyper index ON on input line 4187.
Package hyperref Info: Plain pages OFF on input line 4194.
Package hyperref Info: Backreferencing OFF on input line 4199.
Package hyperref Info: Implicit mode ON; LaTeX internals redefined.
Package hyperref Info: Bookmarks ON on input line 4446.
\c@Hy@tempcnt=\count332
LaTeX Info: Redefining \url on input line 4784.
\XeTeXLinkMargin=\dimen184
 (/usr/share/texlive/texmf-dist/tex/generic/bitset/bitset.sty
Package: bitset 2019/12/09 v1.3 Handle bit-vector datatype (HO)
 (/usr/share/texlive/texmf-dist/tex/generic/bigintcalc/bigintcalc.sty
Package: bigintcalc 2019/12/15 v1.5 Expandable calculations on big integers (HO)
))
\Fld@menulength=\count333
\Field@Width=\dimen185
\Fld@charsize=\dimen186
Package hyperref Info: Hyper figures OFF on input line 6063.
Package hyperref Info: Link nesting OFF on input line 6068.
Package hyperref Info: Hyper index ON on input line 6071.
Package hyperref Info: backreferencing OFF on input line 6078.
Package hyperref Info: Link coloring OFF on input line 6083.
Package hyperref Info: Link coloring with OCG OFF on input line 6088.
Package hyperref Info: PDF/A mode OFF on input line 6093.
 (/usr/share/texlive/texmf-dist/tex/latex/base/atbegshi-ltx.sty
Package: atbegshi-ltx 2021/01/10 v1.0c Emulation of the original atbegshi
package with kernel methods
)
\Hy@abspage=\count334
\c@Item=\count335
\c@Hfootnote=\count336
)
Package hyperref Info: Driver (autodetected): hpdftex.
 (/usr/share/texlive/texmf-dist/tex/latex/hyperref/hpdftex.def
File: hpdftex.def 2024-01-20 v7.01h Hyperref driver for pdfTeX
 (/usr/share/texlive/texmf-dist/tex/latex/base/atveryend-ltx.sty
Package: atveryend-ltx 2020/08/19 v1.0a Emulation of the original atveryend package
with kernel methods
)
\Fld@listcount=\count337
\c@bookmark@seq@number=\count338
 (/usr/share/texlive/texmf-dist/tex/latex/rerunfilecheck/rerunfilecheck.sty
Package: rerunfilecheck 2022-07-10 v1.10 Rerun checks for auxiliary files (HO)
 (/usr/share/texlive/texmf-dist/tex/generic/uniquecounter/uniquecounter.sty
Package: uniquecounter 2019/12/15 v1.4 Provide unlimited unique counter (HO)
)
Package uniquecounter Info: New unique counter `rerunfilecheck' on input line 285.
)
\Hy@SectionHShift=\skip126
)
LaTeX Font Info:    Trying to load font information for T1+txr on input line 38.
 (/usr/share/texlive/texmf-dist/tex/latex/txfonts/t1txr.fd
File: t1txr.fd 2000/12/15 v3.1
) (./paper.aux)
\openout1 = `paper.aux'.

LaTeX Font Info:    Checking defaults for OML/txmi/m/it on input line 38.
LaTeX Font Info:    Trying to load font information for OML+txmi on input line 38.
 (/usr/share/texlive/texmf-dist/tex/latex/txfonts/omltxmi.fd
File: omltxmi.fd 2000/12/15 v3.1
)
LaTeX Font Info:    ... okay on input line 38.
LaTeX Font Info:    Checking defaults for OMS/txsy/m/n on input line 38.
LaTeX Font Info:    Trying to load font information for OMS+txsy on input line 38.
 (/usr/share/texlive/texmf-dist/tex/latex/txfonts/omstxsy.fd
File: omstxsy.fd 2000/12/15 v3.1
)
LaTeX Font Info:    ... okay on input line 38.
LaTeX Font Info:    Checking defaults for OT1/cmr/m/n on input line 38.
LaTeX Font Info:    ... okay on input line 38.
LaTeX Font Info:    Checking defaults for T1/cmr/m/n on input line 38.
LaTeX Font Info:    ... okay on input line 38.
LaTeX Font Info:    Checking defaults for TS1/cmr/m/n on input line 38.
LaTeX Font Info:    ... okay on input line 38.
LaTeX Font Info:    Checking defaults for OMX/txex/m/n on input line 38.
LaTeX Font Info:    Trying to load font information for OMX+txex on input line 38.
 (/usr/share/texlive/texmf-dist/tex/latex/txfonts/omxtxex.fd
File: omxtxex.fd 2000/12/15 v3.1
)
LaTeX Font Info:    ... okay on input line 38.
LaTeX Font Info:    Checking defaults for U/txexa/m/n on input line 38.
LaTeX Font Info:    Trying to load font information for U+txexa on input line 38.
 (/usr/share/texlive/texmf-dist/tex/latex/txfonts/utxexa.fd
File: utxexa.fd 2000/12/15 v3.1
)
LaTeX Font Info:    ... okay on input line 38.
LaTeX Font Info:    Checking defaults for PD1/pdf/m/n on input line 38.
LaTeX Font Info:    ... okay on input line 38.
LaTeX Font Info:    Checking defaults for PU/pdf/m/n on input line 38.
LaTeX Font Info:    ... okay on input line 38.

*geometry* detected driver: pdftex
*geometry* verbose mode - [ preamble ] result:
* driver: pdftex
* paper: a4paper
* layout: <same size as paper>
* layoutoffset:(h,v)=(0.0pt,0.0pt)
* modes: twoside 
* h-part:(L,W,R)=(36.98859pt, 523.5307pt, 36.98859pt)
* v-part:(T,H,B)=(56.01874pt, 705.0pt, 84.0281pt)
* \paperwidth=597.50787pt
* \paperheight=845.04684pt
* \textwidth=523.5307pt
* \textheight=705.0pt
* \oddsidemargin=-35.2814pt
* \evensidemargin=-35.2814pt
* \topmargin=-40.25125pt
* \headheight=12.0pt
* \headsep=12.0pt
* \topskip=10.0pt
* \footskip=20.0pt
* \marginparwidth=0.0pt
* \marginparsep=0.0pt
* \columnsep=11.38109pt
* \skip\footins=9.0pt plus 4.0pt minus 2.0pt
* \hoffset=0.0pt
* \voffset=0.0pt
* \mag=1000
* \@twocolumntrue
* \@twosidetrue
* \@mparswitchtrue
* \@reversemarginfalse
* (1in=72.27pt=25.4mm, 1cm=28.453pt)

(/usr/share/texlive/texmf-dist/tex/context/base/mkii/supp-pdf.mkii
[Loading MPS to PDF converter (version 2006.09.02).]
\scratchcounter=\count339
\scratchdimen=\dimen187
\scratchbox=\box70
\nofMPsegments=\count340
\nofMParguments=\count341
\everyMPshowfont=\toks35
\MPscratchCnt=\count342
\MPscratchDim=\dimen188
\MPnumerator=\count343
\makeMPintoPDFobject=\count344
\everyMPtoPDFconversion=\toks36
) (/usr/share/texlive/texmf-dist/tex/latex/epstopdf-pkg/epstopdf-base.sty
Package: epstopdf-base 2020-01-24 v2.11 Base part for package epstopdf
Package epstopdf-base Info: Redefining graphics rule for `.eps' on input line 485.
 (/usr/share/texlive/texmf-dist/tex/latex/latexconfig/epstopdf-sys.cfg
File: epstopdf-sys.cfg 2010/07/13 v1.3 Configuration of (r)epstopdf for TeX Live
))
Package caption Info: Begin \AtBeginDocument code.
Package caption Info: hyperref package is loaded.
Package caption Info: End \AtBeginDocument code.
Package hyperref Info: Link coloring OFF on input line 38.
 (./paper.out) (./paper.out)
\@outlinefile=\write3
\openout3 = `paper.out'.

LaTeX Font Info:    Trying to load font information for TS1+txr on input line 94.
 (/usr/share/texlive/texmf-dist/tex/latex/txfonts/ts1txr.fd
File: ts1txr.fd 2000/12/15 v3.1
)
LaTeX Font Info:    Trying to load font information for OT1+txr on input line 94.
 (/usr/share/texlive/texmf-dist/tex/latex/txfonts/ot1txr.fd
File: ot1txr.fd 2000/12/15 v3.1
)
LaTeX Font Info:    Trying to load font information for U+txsya on input line 94.
 (/usr/share/texlive/texmf-dist/tex/latex/txfonts/utxsya.fd
File: utxsya.fd 2000/12/15 v3.1
)
LaTeX Font Info:    Trying to load font information for U+txsyb on input line 94.
 (/usr/share/texlive/texmf-dist/tex/latex/txfonts/utxsyb.fd
File: utxsyb.fd 2000/12/15 v3.1
)
LaTeX Font Info:    Trying to load font information for U+txmia on input line 94.
 (/usr/share/texlive/texmf-dist/tex/latex/txfonts/utxmia.fd
File: utxmia.fd 2000/12/15 v3.1
)
LaTeX Font Info:    Trying to load font information for U+txsyc on input line 94.
 (/usr/share/texlive/texmf-dist/tex/latex/txfonts/utxsyc.fd
File: utxsyc.fd 2000/12/15 v3.1
)
LaTeX Font Info:    Trying to load font information for T1+txss on input line 94.
 (/usr/share/texlive/texmf-dist/tex/latex/txfonts/t1txss.fd
File: t1txss.fd 2000/12/15 v3.1
)
LaTeX Font Info:    Font shape `T1/txss/m/n' will be
(Font)              scaled to size 16.41594pt on input line 94.
LaTeX Font Info:    Font shape `T1/txss/b/n' in size <17.28> not available
(Font)              Font shape `T1/txss/bx/n' tried instead on input line 94.
LaTeX Font Info:    Font shape `T1/txss/bx/n' will be
(Font)              scaled to size 16.41594pt on input line 94.
LaTeX Font Info:    Font shape `T1/txss/m/n' will be
(Font)              scaled to size 8.54997pt on input line 94.
LaTeX Font Info:    Font shape `T1/txss/b/n' in size <9> not available
(Font)              Font shape `T1/txss/bx/n' tried instead on input line 94.
LaTeX Font Info:    Font shape `T1/txss/bx/n' will be
(Font)              scaled to size 8.54997pt on input line 94.
LaTeX Font Info:    Font shape `T1/txss/m/it' in size <9> not available
(Font)              Font shape `T1/txss/m/sl' tried instead on input line 94.
LaTeX Font Info:    Font shape `T1/txss/m/sl' will be
(Font)              scaled to size 8.54997pt on input line 94.
LaTeX Font Info:    Font shape `T1/txss/m/n' will be
(Font)              scaled to size 10.40245pt on input line 97.
LaTeX Font Info:    Font shape `T1/txss/b/n' in size <10.95> not available
(Font)              Font shape `T1/txss/bx/n' tried instead on input line 97.
LaTeX Font Info:    Font shape `T1/txss/bx/n' will be
(Font)              scaled to size 10.40245pt on input line 97.
LaTeX Font Info:    Font shape `T1/txss/m/n' will be
(Font)              scaled to size 6.64998pt on input line 97.
LaTeX Font Info:    Font shape `T1/txr/b/n' in size <10> not available
(Font)              Font shape `T1/txr/bx/n' tried instead on input line 116.


LaTeX Warning: Reference `appendix_mw_correction' on page 1 undefined on input line 116.

LaTeX Font Info:    Trying to load font information for T1+txtt on input line 119.
(/usr/share/texlive/texmf-dist/tex/latex/txfonts/t1txtt.fd
File: t1txtt.fd 2000/12/15 v3.1
)
LaTeX Font Info:    Font shape `T1/txss/m/n' will be
(Font)              scaled to size 9.49997pt on input line 122.
LaTeX Font Info:    Font shape `T1/txss/m/it' in size <10> not available
(Font)              Font shape `T1/txss/m/sl' tried instead on input line 122.
LaTeX Font Info:    Font shape `T1/txss/m/sl' will be
(Font)              scaled to size 9.49997pt on input line 122.

Underfull \hbox (badness 10000) in paragraph at lines 132--132
[][][][]$\T1/txtt/m/n/9 http : / / www . galactica-[]simulations . eu / db / STAR _ FORM /
 []

Package epstopdf Info: Source file: <figures/fig_sim_coldens.eps>
(epstopdf)                    date: 2026-01-12 09:30:37
(epstopdf)                    size: 1243209 bytes
(epstopdf)             Output file: <figures/fig_sim_coldens-eps-converted-to.pdf>
(epstopdf)                    date: 2026-01-12 10:35:52
(epstopdf)                    size: 90387 bytes
(epstopdf)             Command: <repstopdf --outfile=figures/fig_sim_coldens-eps-converted-to.pdf figures/fig_sim_coldens.eps>
(epstopdf)             \includegraphics on input line 139.
Package epstopdf Info: Output file is already uptodate.
<figures/fig_sim_coldens-eps-converted-to.pdf, id=121, 841.1425pt x 276.03125pt>
File: figures/fig_sim_coldens-eps-converted-to.pdf Graphic file (type pdf)
<use figures/fig_sim_coldens-eps-converted-to.pdf>
Package pdftex.def Info: figures/fig_sim_coldens-eps-converted-to.pdf  used on input line 139.
(pdftex.def)             Requested size: 256.0748pt x 84.03145pt.

Underfull \hbox (badness 1024) in paragraph at lines 142--142
\T1/txr/m/n/10 lar cloud from the low mag-netic field ORION sim-u-la-tion.
 []

Package epstopdf Info: Source file: <figures/fig_sim_voldens.eps>
(epstopdf)                    date: 2026-01-12 09:30:37
(epstopdf)                    size: 1322293 bytes
(epstopdf)             Output file: <figures/fig_sim_voldens-eps-converted-to.pdf>
(epstopdf)                    date: 2026-01-12 10:35:54
(epstopdf)                    size: 112193 bytes
(epstopdf)             Command: <repstopdf --outfile=figures/fig_sim_voldens-eps-converted-to.pdf figures/fig_sim_voldens.eps>
(epstopdf)             \includegraphics on input line 148.
Package epstopdf Info: Output file is already uptodate.
<figures/fig_sim_voldens-eps-converted-to.pdf, id=126, 867.24pt x 252.945pt>
File: figures/fig_sim_voldens-eps-converted-to.pdf Graphic file (type pdf)
<use figures/fig_sim_voldens-eps-converted-to.pdf>
Package pdftex.def Info: figures/fig_sim_voldens-eps-converted-to.pdf  used on input line 148.
(pdftex.def)             Requested size: 256.0748pt x 74.68759pt.
[1{/var/lib/texmf/fonts/map/pdftex/updmap/pdftex.map}{/usr/share/texlive/texmf-dist/fonts/enc/dvips/base/8r.enc}


]
Underfull \hbox (badness 4699) in paragraph at lines 202--207
\T1/txr/m/n/10 Convolutional Neu-ral Net-works (CNNs) were in-tro-duced
 []

<figures/unet_architecture.jpg, id=190, 655.69969pt x 602.25pt>
File: figures/unet_architecture.jpg Graphic file (type jpg)
<use figures/unet_architecture.jpg>
Package pdftex.def Info: figures/unet_architecture.jpg  used on input line 221.
(pdftex.def)             Requested size: 256.0748pt x 235.19818pt.

Underfull \hbox (badness 10000) in paragraph at lines 215--226
[]\T1/txr/m/n/10 In this work, we are us-ing an Attention-U-Net
 []


Underfull \hbox (badness 10000) in paragraph at lines 215--226
\T1/txr/m/n/10 ([][][] ([]2015[]),[][][] ([]2018[])) ar-chi-tec-
 []

[2 <./figures/fig_sim_coldens-eps-converted-to.pdf> <./figures/fig_sim_voldens-eps-converted-to.pdf>]
Underfull \hbox (badness 10000) in paragraph at lines 256--257
[]\T1/txr/m/n/10 This is achieved through nor-mal-iz-ing flows
 []


Underfull \hbox (badness 3525) in paragraph at lines 256--257
\T1/txr/m/n/10 ([][][] []2016[]), which trans-form a com-plex
 []


Underfull \hbox (badness 4429) in paragraph at lines 320--322
\T1/txr/m/n/10 This SDE is a vari-ant of the Ornstein-Uhlenbeck pro-
 []


Underfull \hbox (badness 5217) in paragraph at lines 320--322
\T1/txr/m/n/10 cess, whose so-lu-tions con-verge to a Gaus-sian dis-tri-bu-
 []

[3 <./figures/unet_architecture.jpg>]
Underfull \hbox (badness 2707) in paragraph at lines 358--360
\T1/txr/m/n/10 ([][][] []2007[]). Her-schel ob-ser-va-tions ([][][]
 []

Package epstopdf Info: Source file: <figures/fig_sim_correlation.eps>
(epstopdf)                    date: 2026-01-12 09:30:37
(epstopdf)                    size: 11591368 bytes
(epstopdf)             Output file: <figures/fig_sim_correlation-eps-converted-to.pdf>
(epstopdf)                    date: 2026-01-12 11:52:24
(epstopdf)                    size: 82710 bytes
(epstopdf)             Command: <repstopdf --outfile=figures/fig_sim_correlation-eps-converted-to.pdf figures/fig_sim_correlation.eps>
(epstopdf)             \includegraphics on input line 376.
Package epstopdf Info: Output file is already uptodate.
<figures/fig_sim_correlation-eps-converted-to.pdf, id=350, 505.89pt x 505.89pt>
File: figures/fig_sim_correlation-eps-converted-to.pdf Graphic file (type pdf)
<use figures/fig_sim_correlation-eps-converted-to.pdf>
Package pdftex.def Info: figures/fig_sim_correlation-eps-converted-to.pdf  used on input line 376.
(pdftex.def)             Requested size: 256.0748pt x 256.07838pt.

LaTeX Warning: Reference `fig:nn_valset_predictions' on page 4 undefined on input line 386.


LaTeX Warning: Reference `tab:nn_metrics' on page 4 undefined on input line 396.

[4 <./figures/fig_sim_correlation-eps-converted-to.pdf>]
<figures/Benchmark_OrionB/accuracy.jpg, id=399, 462.528pt x 346.896pt>
File: figures/Benchmark_OrionB/accuracy.jpg Graphic file (type jpg)
<use figures/Benchmark_OrionB/accuracy.jpg>
Package pdftex.def Info: figures/Benchmark_OrionB/accuracy.jpg  used on input line 408.
(pdftex.def)             Requested size: 256.0748pt x 192.06375pt.

Underfull \hbox (badness 1286) in paragraph at lines 427--428
\T1/txr/m/n/10 good per-for-mance with rel-a-tively few re-gions, whereas
 []

<figures/Benchmark_OrionB/region_0.jpg, id=402, 993.7125pt x 433.62pt>
File: figures/Benchmark_OrionB/region_0.jpg Graphic file (type jpg)
<use figures/Benchmark_OrionB/region_0.jpg>
Package pdftex.def Info: figures/Benchmark_OrionB/region_0.jpg  used on input line 433.
(pdftex.def)             Requested size: 523.5307pt x 228.4545pt.
<figures/Benchmark_OrionB/region_1.jpg, id=405, 993.7125pt x 433.62pt>
File: figures/Benchmark_OrionB/region_1.jpg Graphic file (type jpg)
<use figures/Benchmark_OrionB/region_1.jpg>
Package pdftex.def Info: figures/Benchmark_OrionB/region_1.jpg  used on input line 441.
(pdftex.def)             Requested size: 523.5307pt x 228.4545pt.
LaTeX Font Info:    Font shape `T1/txr/b/n' in size <7> not available
(Font)              Font shape `T1/txr/bx/n' tried instead on input line 454.
LaTeX Font Info:    Font shape `T1/txr/b/n' in size <5> not available
(Font)              Font shape `T1/txr/bx/n' tried instead on input line 454.

Underfull \hbox (badness 1371) in paragraph at lines 454--455
[]$\OML/txmi/m/it/10 N[]\OT1/txr/m/n/10 (\OML/txmi/m/it/10 n[]\OT1/txr/m/n/10 )$ \T1/txr/bx/n/10 re-la-tion (dense cores only): \T1/txr/m/n/10 Fit the pre-dicted
 []

(./paper.bbl) [5 <./figures/Benchmark_OrionB/accuracy.jpg>] [6 <./figures/Benchmark_OrionB/region_0.jpg> <./figures/Benchmark_OrionB/region_1.jpg>]
Underfull \vbox (badness 10000) has occurred while \output is active []

Package epstopdf Info: Source file: <figures/fig_mw_correction_ld.eps>
(epstopdf)                    date: 2026-01-12 09:30:37
(epstopdf)                    size: 28066 bytes
(epstopdf)             Output file: <figures/fig_mw_correction_ld-eps-converted-to.pdf>
(epstopdf)                    date: 2026-01-12 10:35:54
(epstopdf)                    size: 14079 bytes
(epstopdf)             Command: <repstopdf --outfile=figures/fig_mw_correction_ld-eps-converted-to.pdf figures/fig_mw_correction_ld.eps>
(epstopdf)             \includegraphics on input line 531.
Package epstopdf Info: Output file is already uptodate.
<figures/fig_mw_correction_ld-eps-converted-to.pdf, id=430, 361.35pt x 361.35pt>
File: figures/fig_mw_correction_ld-eps-converted-to.pdf Graphic file (type pdf)
<use figures/fig_mw_correction_ld-eps-converted-to.pdf>
Package pdftex.def Info: figures/fig_mw_correction_ld-eps-converted-to.pdf  used on input line 531.
(pdftex.def)             Requested size: 122.9148pt x 122.9125pt.
Package epstopdf Info: Source file: <figures/fig_mw_correction_nd.eps>
(epstopdf)                    date: 2026-01-12 09:30:37
(epstopdf)                    size: 32848 bytes
(epstopdf)             Output file: <figures/fig_mw_correction_nd-eps-converted-to.pdf>
(epstopdf)                    date: 2026-01-12 10:35:54
(epstopdf)                    size: 16272 bytes
(epstopdf)             Command: <repstopdf --outfile=figures/fig_mw_correction_nd-eps-converted-to.pdf figures/fig_mw_correction_nd.eps>
(epstopdf)             \includegraphics on input line 538.
Package epstopdf Info: Output file is already uptodate.
<figures/fig_mw_correction_nd-eps-converted-to.pdf, id=433, 361.35pt x 361.35pt>
File: figures/fig_mw_correction_nd-eps-converted-to.pdf Graphic file (type pdf)
<use figures/fig_mw_correction_nd-eps-converted-to.pdf>
Package pdftex.def Info: figures/fig_mw_correction_nd-eps-converted-to.pdf  used on input line 538.
(pdftex.def)             Requested size: 122.9148pt x 122.9125pt.
Package epstopdf Info: Source file: <figures/fig_mw_correction_diffkonyves.eps>
(epstopdf)                    date: 2026-01-12 09:30:37
(epstopdf)                    size: 27119 bytes
(epstopdf)             Output file: <figures/fig_mw_correction_diffkonyves-eps-converted-to.pdf>
(epstopdf)                    date: 2026-01-12 10:35:55
(epstopdf)                    size: 15442 bytes
(epstopdf)             Command: <repstopdf --outfile=figures/fig_mw_correction_diffkonyves-eps-converted-to.pdf figures/fig_mw_correction_diffkonyves.eps>
(epstopdf)             \includegraphics on input line 562.
Package epstopdf Info: Output file is already uptodate.
<figures/fig_mw_correction_diffkonyves-eps-converted-to.pdf, id=437, 722.7pt x 361.35pt>
File: figures/fig_mw_correction_diffkonyves-eps-converted-to.pdf Graphic file (type pdf)
<use figures/fig_mw_correction_diffkonyves-eps-converted-to.pdf>
Package pdftex.def Info: figures/fig_mw_correction_diffkonyves-eps-converted-to.pdf  used on input line 562.
(pdftex.def)             Requested size: 256.0748pt x 128.03477pt.
 [7

] [8 <./figures/fig_mw_correction_ld-eps-converted-to.pdf> <./figures/fig_mw_correction_nd-eps-converted-to.pdf> <./figures/fig_mw_correction_diffkonyves-eps-converted-to.pdf>]
Package epstopdf Info: Source file: <figures/fig_score_residuals.eps>
(epstopdf)                    date: 2026-01-12 09:30:37
(epstopdf)                    size: 28712 bytes
(epstopdf)             Output file: <figures/fig_score_residuals-eps-converted-to.pdf>
(epstopdf)                    date: 2026-01-12 10:35:55
(epstopdf)                    size: 16123 bytes
(epstopdf)             Command: <repstopdf --outfile=figures/fig_score_residuals-eps-converted-to.pdf figures/fig_score_residuals.eps>
(epstopdf)             \includegraphics on input line 646.
Package epstopdf Info: Output file is already uptodate.
<figures/fig_score_residuals-eps-converted-to.pdf, id=573, 361.35pt x 361.35pt>
File: figures/fig_score_residuals-eps-converted-to.pdf Graphic file (type pdf)
<use figures/fig_score_residuals-eps-converted-to.pdf>
Package pdftex.def Info: figures/fig_score_residuals-eps-converted-to.pdf  used on input line 646.
(pdftex.def)             Requested size: 122.9148pt x 122.9125pt.
Package epstopdf Info: Source file: <figures/fig_score_accuracy.eps>
(epstopdf)                    date: 2026-01-12 09:30:37
(epstopdf)                    size: 22063 bytes
(epstopdf)             Output file: <figures/fig_score_accuracy-eps-converted-to.pdf>
(epstopdf)                    date: 2026-01-12 10:35:55
(epstopdf)                    size: 18626 bytes
(epstopdf)             Command: <repstopdf --outfile=figures/fig_score_accuracy-eps-converted-to.pdf figures/fig_score_accuracy.eps>
(epstopdf)             \includegraphics on input line 652.
Package epstopdf Info: Output file is already uptodate.
<figures/fig_score_accuracy-eps-converted-to.pdf, id=574, 361.35pt x 361.35pt>
File: figures/fig_score_accuracy-eps-converted-to.pdf Graphic file (type pdf)
<use figures/fig_score_accuracy-eps-converted-to.pdf>
Package pdftex.def Info: figures/fig_score_accuracy-eps-converted-to.pdf  used on input line 652.
(pdftex.def)             Requested size: 122.9148pt x 122.9125pt.
Package epstopdf Info: Source file: <figures/fig_score_unet_diffkonyves.eps>
(epstopdf)                    date: 2026-01-12 09:30:37
(epstopdf)                    size: 29556 bytes
(epstopdf)             Output file: <figures/fig_score_unet_diffkonyves-eps-converted-to.pdf>
(epstopdf)                    date: 2026-01-12 10:35:55
(epstopdf)                    size: 16771 bytes
(epstopdf)             Command: <repstopdf --outfile=figures/fig_score_unet_diffkonyves-eps-converted-to.pdf figures/fig_score_unet_diffkonyves.eps>
(epstopdf)             \includegraphics on input line 662.
Package epstopdf Info: Output file is already uptodate.
<figures/fig_score_unet_diffkonyves-eps-converted-to.pdf, id=575, 722.7pt x 361.35pt>
File: figures/fig_score_unet_diffkonyves-eps-converted-to.pdf Graphic file (type pdf)
<use figures/fig_score_unet_diffkonyves-eps-converted-to.pdf>
Package pdftex.def Info: figures/fig_score_unet_diffkonyves-eps-converted-to.pdf  used on input line 662.
(pdftex.def)             Requested size: 256.0748pt x 128.03477pt.
 [9

 <./figures/fig_score_residuals-eps-converted-to.pdf> <./figures/fig_score_accuracy-eps-converted-to.pdf> <./figures/fig_score_unet_diffkonyves-eps-converted-to.pdf>] [10

] (./paper.aux)
 ***********
LaTeX2e <2023-11-01> patch level 1
L3 programming layer <2024-01-22>
 ***********


LaTeX Warning: There were undefined references.

Package rerunfilecheck Info: File `paper.out' has not changed.
(rerunfilecheck)             Checksum: EE0721864C9DCB6B778C2B27B3901451;4489.
 ) 
Here is how much of TeX's memory you used:
 16638 strings out of 476106
 266740 string characters out of 5793932
 1965975 words of memory out of 5000000
 38228 multiletter control sequences out of 15000+600000
 657206 words of font info for 185 fonts, out of 8000000 for 9000
 59 hyphenation exceptions out of 8191
 87i,13n,93p,782b,716s stack positions out of 10000i,1000n,20000p,200000b,200000s
</usr/share/texlive/texmf-dist/fonts/type1/public/txfonts/rtcxr.pfb></usr/share/texlive/texmf-dist/fonts/type1/public/txfonts/rtxmi.pfb></usr/share/texlive/texmf-dist/fonts/type1/public/txfonts/rtxr.pfb></usr/share/texlive/texmf-dist/fonts/type1/public/txfonts/rtxr.pfb></usr/share/texlive/texmf-dist/fonts/type1/public/txfonts/t1xtt.pfb></usr/share/texlive/texmf-dist/fonts/type1/public/txfonts/txex.pfb></usr/share/texlive/texmf-dist/fonts/type1/public/txfonts/txsy.pfb></usr/share/texlive/texmf-dist/fonts/type1/public/txfonts/txsya.pfb></usr/share/texlive/texmf-dist/fonts/type1/public/txfonts/txsyb.pfb></usr/share/texlive/texmf-dist/fonts/type1/urw/helvetic/uhvb8a.pfb></usr/share/texlive/texmf-dist/fonts/type1/urw/helvetic/uhvr8a.pfb></usr/share/texlive/texmf-dist/fonts/type1/urw/helvetic/uhvr8a.pfb></usr/share/texlive/texmf-dist/fonts/type1/urw/times/utmb8a.pfb></usr/share/texlive/texmf-dist/fonts/type1/urw/times/utmr8a.pfb></usr/share/texlive/texmf-dist/fonts/type1/urw/times/utmr8a.pfb></usr/share/texlive/texmf-dist/fonts/type1/urw/times/utmri8a.pfb>
Output written on paper.pdf (10 pages, 1856868 bytes).
PDF statistics:
 796 PDF objects out of 1000 (max. 8388607)
 437 compressed objects within 5 object streams
 110 named destinations out of 1000 (max. 500000)
 274 words of extra memory for PDF output out of 10000 (max. 10000000)

